<?xml version="1.0" encoding="UTF-8"?>
<!-- Generated by org.testng.reporters.JUnitXMLReporter -->
<testsuite hostname="DESKTOP-9GTL4K1" ignored="3" name="Test" tests="1" failures="0" timestamp="2023-04-09T22:46:09 IST" time="52.816" errors="0">
  <testcase name="t001_login" time="10.979" classname="testng.ListProductDetail"/>
  <testcase name="t003_addProductFail" time="0.0" classname="testng.ListProductDetail">
    <ignored/>
  </testcase> <!-- t003_addProductFail -->
  <testcase name="t004_addProductskip" time="0.0" classname="testng.ListProductDetail">
    <ignored/>
  </testcase> <!-- t004_addProductskip -->
  <testcase name="t002_addProductDetails" time="0.0" classname="testng.ListProductDetail">
    <ignored/>
  </testcase> <!-- t002_addProductDetails -->
</testsuite> <!-- Test -->
